<?xml version="1.0" encoding="UTF-8"?>
<!-- Generated by org.testng.reporters.JUnitReportReporter -->
<testsuite hostname="DESKTOP-4BVF3HV" failures="0" tests="3" name="qa.runner.TestRunner" time="71.192" errors="0" timestamp="2024-08-04T22:40:15 IST" skipped="0">
  <testcase classname="qa.runner.TestRunner" name="runScenario" time="43.510"/>
  <system-out/>
  <testcase classname="qa.runner.TestRunner" name="runScenario" time="18.149"/>
  <system-out/>
  <testcase classname="qa.runner.TestRunner" name="runScenario" time="9.533"/>
  <system-out/>
</testsuite> <!-- qa.runner.TestRunner -->
