<?xml version="1.0" encoding="UTF-8"?>
<!-- Generated by org.testng.reporters.JUnitReportReporter -->
<testsuite hostname="DESKTOP-4BVF3HV" failures="0" tests="1" name="qa.runner.TestRunner" time="20.211" errors="0" timestamp="2024-07-26T23:18:33 IST" skipped="0">
  <testcase classname="qa.runner.TestRunner" name="runScenario" time="20.211"/>
  <system-out/>
</testsuite> <!-- qa.runner.TestRunner -->
