<?xml version="1.0" encoding="UTF-8"?>
<!-- Generated by org.testng.reporters.JUnitReportReporter -->
<testsuite hostname="DESKTOP-4BVF3HV" failures="0" tests="1" name="qa.runner.TestRunner" time="33.831" errors="0" timestamp="2024-07-27T13:24:26 IST" skipped="0">
  <testcase classname="qa.runner.TestRunner" name="runScenario" time="33.831"/>
  <system-out/>
</testsuite> <!-- qa.runner.TestRunner -->
